<?xml version="1.0" encoding="UTF-8"?>
<!-- Generated by org.testng.reporters.JUnitXMLReporter -->
<testsuite hostname="DESKTOP-HV039Q0" ignored="0" name="Default test" tests="3" failures="0" timestamp="2020-06-10T01:16:32 IST" time="0.089" errors="0">
  <testcase name="m4" time="0.009" classname="SeleniumPractice.TestNGDemo2"/>
  <testcase name="m5" time="0.005" classname="SeleniumPractice.TestNGDemo2"/>
  <testcase name="m7" time="0.003" classname="SeleniumPractice.TestNGDemo2"/>
</testsuite> <!-- Default test -->
